<?xml version="1.0" encoding="UTF-8"?>
<testsuite xmlns:xsi="http://www.w3.org/2001/XMLSchema-instance" xsi:noNamespaceSchemaLocation="https://maven.apache.org/surefire/maven-surefire-plugin/xsd/surefire-test-report-3.0.xsd" version="3.0" name="com.tiem.springswgger.SpringSwggerApplicationTests" time="3.007" tests="1" errors="0" skipped="0" failures="0">
  <properties>
[...]
</properties>
  <testcase name="contextLoads" classname="com.tiem.springswgger.SpringSwggerApplicationTests" time="0.835">
    <system-out><![CDATA[18:52:22.463 [main] INFO org.springframework.test.context.support.AnnotationConfigContextLoaderUtils -- Could not detect default configuration classes for test class [com.tiem.springswgger.SpringSwggerApplicationTests]: SpringSwggerApplicationTests does not declare any static, non-private, non-final, nested classes annotated with @Configuration.
18:52:22.570 [main] INFO org.springframework.boot.test.context.SpringBootTestContextBootstrapper -- Found @SpringBootConfiguration com.tiem.springswgger.SpringSwggerApplication for test class com.tiem.springswgger.SpringSwggerApplicationTests

  .   ____          _            __ _ _
 /\\ / ___'_ __ _ _(_)_ __  __ _ \ \ \ \
( ( )\___ | '_ | '_| | '_ \/ _` | \ \ \ \
 \\/  ___)| |_)| | | | | || (_| |  ) ) ) )
  '  |____| .__|_| |_|_| |_\__, | / / / /
 =========|_|==============|___/=/_/_/_/
 :: Spring Boot ::                (v3.2.0)

2023-12-09T18:52:22.945+06:30  INFO 29413 --- [           main] c.t.s.SpringSwggerApplicationTests       : Starting SpringSwggerApplicationTests using Java 17.0.8.1 with PID 29413 (started by tun-myat in /home/tun-myat/eclipse-workspace/jee-2023-09-R-tutorial/spring-swagger)
2023-12-09T18:52:22.946+06:30  INFO 29413 --- [           main] c.t.s.SpringSwggerApplicationTests       : No active profile set, falling back to 1 default profile: "default"
2023-12-09T18:52:24.389+06:30  INFO 29413 --- [           main] c.t.s.SpringSwggerApplicationTests       : Started SpringSwggerApplicationTests in 1.678 seconds (process running for 2.808)
]]></system-out>
  </testcase>
</testsuite>